# JRE version: OpenJDK Runtime Environment Microsoft-14940689 (17.0.20.1+1) (build 17.0.20.1+1-LTS)
# Java VM: OpenJDK 64-Bit Server VM Microsoft-14940689 (17.0.20.1+1-LTS, mixed mode, sharing, tiered, compressed oops, compressed class ptrs, g1 gc, windows-amd64)
GC Precious Log:
 CPUs: 8 total, 8 available
 Memory: 16264M
 Large Page Support: Disabled
 NUMA Support: Disabled
 Compressed Oops: Enabled (Zero based)
 Heap Region Size: 4M
 Heap Min Capacity: 8M
 Heap Initial Capacity: 256M
 Heap Max Capacity: 8G
 Pre-touch: Disabled
 Parallel Workers: 8
 Concurrent Workers: 2
 Concurrent Refinement Workers: 8
 Periodic GC: Disabled
Heap:
 garbage-first heap   total 122880K, used 87396K [0x0000000600000000, 0x0000000800000000)
  region size 4096K, 14 young (57344K), 2 survivors (8192K)
 Metaspace       used 52088K, committed 52736K, reserved 1114112K
  class space    used 7310K, committed 7616K, reserved 1048576K
GC Heap History (20 events):
Event: 13.835 GC heap before
{Heap before GC invocations=3 (full 0):
 garbage-first heap   total 262144K, used 127234K [0x0000000600000000, 0x0000000800000000)
  region size 4096K, 30 young (122880K), 2 survivors (8192K)
 Metaspace       used 21120K, committed 21504K, reserved 1114112K
  class space    used 3070K, committed 3264K, reserved 1048576K
}
Event: 13.892 GC heap after
{Heap after GC invocations=4 (full 0):
 garbage-first heap   total 262144K, used 23465K [0x0000000600000000, 0x0000000800000000)
  region size 4096K, 3 young (12288K), 3 survivors (12288K)
 Metaspace       used 21120K, committed 21504K, reserved 1114112K
  class space    used 3070K, committed 3264K, reserved 1048576K
}
Event: 18.780 GC heap before
{Heap before GC invocations=5 (full 0):
 garbage-first heap   total 98304K, used 68521K [0x0000000600000000, 0x0000000800000000)
  region size 4096K, 14 young (57344K), 3 survivors (12288K)
 Metaspace       used 26239K, committed 26688K, reserved 1114112K
  class space    used 3819K, committed 4032K, reserved 1048576K
}
Event: 18.793 GC heap after
{Heap after GC invocations=6 (full 0):
 garbage-first heap   total 98304K, used 27339K [0x0000000600000000, 0x0000000800000000)
  region size 4096K, 1 young (4096K), 1 survivors (4096K)
 Metaspace       used 26239K, committed 26688K, reserved 1114112K
  class space    used 3819K, committed 4032K, reserved 1048576K
}
Event: 19.060 GC heap before
{Heap before GC invocations=6 (full 0):
 garbage-first heap   total 98304K, used 31435K [0x0000000600000000, 0x0000000800000000)
  region size 4096K, 2 young (8192K), 1 survivors (4096K)
 Metaspace       used 26655K, committed 27072K, reserved 1114112K
  class space    used 3890K, committed 4096K, reserved 1048576K
}
Event: 19.064 GC heap after
{Heap after GC invocations=7 (full 0):
 garbage-first heap   total 98304K, used 27570K [0x0000000600000000, 0x0000000800000000)
  region size 4096K, 1 young (4096K), 1 survivors (4096K)
 Metaspace       used 26655K, committed 27072K, reserved 1114112K
  class space    used 3890K, committed 4096K, reserved 1048576K
}
Event: 24.245 GC heap before
{Heap before GC invocations=7 (full 0):
 garbage-first heap   total 98304K, used 64434K [0x0000000600000000, 0x0000000800000000)
  region size 4096K, 10 young (40960K), 1 survivors (4096K)
 Metaspace       used 31091K, committed 31552K, reserved 1114112K
  class space    used 4591K, committed 4800K, reserved 1048576K
}
Event: 24.248 GC heap after
{Heap after GC invocations=8 (full 0):
 garbage-first heap   total 98304K, used 28560K [0x0000000600000000, 0x0000000800000000)
  region size 4096K, 1 young (4096K), 1 survivors (4096K)
 Metaspace       used 31091K, committed 31552K, reserved 1114112K
  class space    used 4591K, committed 4800K, reserved 1048576K
}
Event: 25.688 GC heap before
{Heap before GC invocations=8 (full 0):
 garbage-first heap   total 98304K, used 44944K [0x0000000600000000, 0x0000000800000000)
  region size 4096K, 7 young (28672K), 1 survivors (4096K)
 Metaspace       used 35562K, committed 35968K, reserved 1114112K
  class space    used 5053K, committed 5248K, reserved 1048576K
}
Event: 25.693 GC heap after
{Heap after GC invocations=9 (full 0):
 garbage-first heap   total 98304K, used 30696K [0x0000000600000000, 0x0000000800000000)
  region size 4096K, 1 young (4096K), 1 survivors (4096K)
 Metaspace       used 35562K, committed 35968K, reserved 1114112K
  class space    used 5053K, committed 5248K, reserved 1048576K
}
Event: 31.706 GC heap before
{Heap before GC invocations=10 (full 0):
 garbage-first heap   total 98304K, used 71656K [0x0000000600000000, 0x0000000800000000)
  region size 4096K, 11 young (45056K), 1 survivors (4096K)
 Metaspace       used 37913K, committed 38400K, reserved 1114112K
  class space    used 5237K, committed 5504K, reserved 1048576K
}
Event: 31.713 GC heap after
{Heap after GC invocations=11 (full 0):
 garbage-first heap   total 98304K, used 35426K [0x0000000600000000, 0x0000000800000000)
  region size 4096K, 2 young (8192K), 2 survivors (8192K)
 Metaspace       used 37913K, committed 38400K, reserved 1114112K
  class space    used 5237K, committed 5504K, reserved 1048576K
}
Event: 32.385 GC heap before
{Heap before GC invocations=11 (full 0):
 garbage-first heap   total 98304K, used 68194K [0x0000000600000000, 0x0000000800000000)
  region size 4096K, 10 young (40960K), 2 survivors (8192K)
 Metaspace       used 39101K, committed 39680K, reserved 1114112K
  class space    used 5412K, committed 5696K, reserved 1048576K
}
Event: 32.397 GC heap after
{Heap after GC invocations=12 (full 0):
 garbage-first heap   total 98304K, used 35726K [0x0000000600000000, 0x0000000800000000)
  region size 4096K, 1 young (4096K), 1 survivors (4096K)
 Metaspace       used 39101K, committed 39680K, reserved 1114112K
  class space    used 5412K, committed 5696K, reserved 1048576K
}
Event: 34.983 GC heap before
{Heap before GC invocations=12 (full 0):
 garbage-first heap   total 98304K, used 68494K [0x0000000600000000, 0x0000000800000000)
  region size 4096K, 9 young (36864K), 1 survivors (4096K)
 Metaspace       used 42182K, committed 42752K, reserved 1114112K
  class space    used 5884K, committed 6144K, reserved 1048576K
}
Event: 34.987 GC heap after
{Heap after GC invocations=13 (full 0):
 garbage-first heap   total 122880K, used 36817K [0x0000000600000000, 0x0000000800000000)
  region size 4096K, 1 young (4096K), 1 survivors (4096K)
 Metaspace       used 42182K, committed 42752K, reserved 1114112K
  class space    used 5884K, committed 6144K, reserved 1048576K
}
Event: 38.944 GC heap before
{Heap before GC invocations=13 (full 0):
 garbage-first heap   total 122880K, used 90065K [0x0000000600000000, 0x0000000800000000)
  region size 4096K, 14 young (57344K), 1 survivors (4096K)
 Metaspace       used 44767K, committed 45376K, reserved 1114112K
  class space    used 6273K, committed 6528K, reserved 1048576K
}
Event: 38.948 GC heap after
{Heap after GC invocations=14 (full 0):
 garbage-first heap   total 122880K, used 39101K [0x0000000600000000, 0x0000000800000000)
  region size 4096K, 2 young (8192K), 2 survivors (8192K)
 Metaspace       used 44767K, committed 45376K, reserved 1114112K
  class space    used 6273K, committed 6528K, reserved 1048576K
}
Event: 46.043 GC heap before
{Heap before GC invocations=14 (full 0):
 garbage-first heap   total 122880K, used 92349K [0x0000000600000000, 0x0000000800000000)
  region size 4096K, 15 young (61440K), 2 survivors (8192K)
 Metaspace       used 49622K, committed 50304K, reserved 1114112K
  class space    used 6955K, committed 7232K, reserved 1048576K
}
Event: 46.051 GC heap after
{Heap after GC invocations=15 (full 0):
 garbage-first heap   total 122880K, used 42340K [0x0000000600000000, 0x0000000800000000)
  region size 4096K, 2 young (8192K), 2 survivors (8192K)
 Metaspace       used 49622K, committed 50304K, reserved 1114112K
  class space    used 6955K, committed 7232K, reserved 1048576K
}

