# JRE version: OpenJDK Runtime Environment (25.0.2) (build 25.0.2+-15348964-b329.117)
# Java VM: OpenJDK 64-Bit Server VM (25.0.2+-15348964-b329.117, mixed mode, tiered, compressed oops, compressed class ptrs, g1 gc, windows-amd64)
GC Precious Log:
 CardTable entry size: 512
 Card Set container configuration: InlinePtr #cards 4 size 8 Array Of Cards #cards 32 size 80 Howl #buckets 8 coarsen threshold 7372 Howl Bitmap #cards 1024 size 144 coarsen threshold 921 Card regions per heap region 1 cards per card region 8192
 CPUs: 8 total, 8 available
 Memory: 16264M
 Large Page Support: Disabled
 NUMA Support: Disabled
 Compressed Oops: Enabled (Zero based)
 Heap Region Size: 4M
 Heap Min Capacity: 8M
 Heap Initial Capacity: 256M
 Heap Max Capacity: 8G
 Pre-touch: Disabled
 Parallel Workers: 8
 Concurrent Workers: 2
 Concurrent Refinement Workers: 8
 Periodic GC: Disabled
Heap:
 garbage-first heap   total reserved 8388608K, committed 94208K, used 69425K [0x0000000600000000, 0x0000000800000000)
  region size 4096K, 12 young (49152K), 2 survivors (8192K)
GC Heap Usage History (16 events):
Event: 1.931 {heap Before GC invocations=0 (full 0):
 garbage-first heap   total reserved 8388608K, committed 262144K, used 53248K [0x0000000600000000, 0x0000000800000000)
  region size 4096K, 12 young (49152K), 0 survivors (0K)
}
Event: 1.947 {heap After GC invocations=1 (full 0):
 garbage-first heap   total reserved 8388608K, committed 262144K, used 11163K [0x0000000600000000, 0x0000000800000000)
  region size 4096K, 2 young (8192K), 2 survivors (8192K)
}
Event: 2.868 {heap Before GC invocations=1 (full 0):
 garbage-first heap   total reserved 8388608K, committed 262144K, used 117659K [0x0000000600000000, 0x0000000800000000)
  region size 4096K, 29 young (118784K), 2 survivors (8192K)
}
Event: 2.876 {heap After GC invocations=2 (full 0):
 garbage-first heap   total reserved 8388608K, committed 262144K, used 17616K [0x0000000600000000, 0x0000000800000000)
  region size 4096K, 4 young (16384K), 4 survivors (16384K)
}
Event: 3.578 {heap Before GC invocations=2 (full 0):
 garbage-first heap   total reserved 8388608K, committed 262144K, used 42192K [0x0000000600000000, 0x0000000800000000)
  region size 4096K, 11 young (45056K), 4 survivors (16384K)
}
Event: 3.585 {heap After GC invocations=3 (full 0):
 garbage-first heap   total reserved 8388608K, committed 262144K, used 20193K [0x0000000600000000, 0x0000000800000000)
  region size 4096K, 3 young (12288K), 3 survivors (12288K)
}
Event: 4.798 {heap Before GC invocations=4 (full 0):
 garbage-first heap   total reserved 8388608K, committed 81920K, used 77537K [0x0000000600000000, 0x0000000800000000)
  region size 4096K, 17 young (69632K), 3 survivors (12288K)
}
Event: 4.807 {heap After GC invocations=5 (full 0):
 garbage-first heap   total reserved 8388608K, committed 94208K, used 22978K [0x0000000600000000, 0x0000000800000000)
  region size 4096K, 3 young (12288K), 3 survivors (12288K)
}
Event: 5.761 {heap Before GC invocations=5 (full 0):
 garbage-first heap   total reserved 8388608K, committed 94208K, used 63938K [0x0000000600000000, 0x0000000800000000)
  region size 4096K, 13 young (53248K), 3 survivors (12288K)
}
Event: 5.769 {heap After GC invocations=6 (full 0):
 garbage-first heap   total reserved 8388608K, committed 94208K, used 25498K [0x0000000600000000, 0x0000000800000000)
  region size 4096K, 2 young (8192K), 2 survivors (8192K)
}
Event: 6.075 {heap Before GC invocations=6 (full 0):
 garbage-first heap   total reserved 8388608K, committed 94208K, used 33690K [0x0000000600000000, 0x0000000800000000)
  region size 4096K, 5 young (20480K), 2 survivors (8192K)
}
Event: 6.080 {heap After GC invocations=7 (full 0):
 garbage-first heap   total reserved 8388608K, committed 94208K, used 26039K [0x0000000600000000, 0x0000000800000000)
  region size 4096K, 1 young (4096K), 1 survivors (4096K)
}
Event: 7.519 {heap Before GC invocations=8 (full 0):
 garbage-first heap   total reserved 8388608K, committed 94208K, used 71095K [0x0000000600000000, 0x0000000800000000)
  region size 4096K, 12 young (49152K), 1 survivors (4096K)
}
Event: 7.524 {heap After GC invocations=9 (full 0):
 garbage-first heap   total reserved 8388608K, committed 94208K, used 29431K [0x0000000600000000, 0x0000000800000000)
  region size 4096K, 2 young (8192K), 2 survivors (8192K)
}
Event: 8.446 {heap Before GC invocations=9 (full 0):
 garbage-first heap   total reserved 8388608K, committed 94208K, used 74487K [0x0000000600000000, 0x0000000800000000)
  region size 4096K, 13 young (53248K), 2 survivors (8192K)
}
Event: 8.453 {heap After GC invocations=10 (full 0):
 garbage-first heap   total reserved 8388608K, committed 94208K, used 32561K [0x0000000600000000, 0x0000000800000000)
  region size 4096K, 2 young (8192K), 2 survivors (8192K)
}

