# JRE version: OpenJDK Runtime Environment Microsoft-14940689 (17.0.20.1+1) (build 17.0.20.1+1-LTS)
# Java VM: OpenJDK 64-Bit Server VM Microsoft-14940689 (17.0.20.1+1-LTS, mixed mode, sharing, tiered, compressed oops, compressed class ptrs, g1 gc, windows-amd64)
GC Precious Log:
 CPUs: 8 total, 8 available
 Memory: 16264M
 Large Page Support: Disabled
 NUMA Support: Disabled
 Compressed Oops: Enabled (Zero based)
 Heap Region Size: 4M
 Heap Min Capacity: 8M
 Heap Initial Capacity: 256M
 Heap Max Capacity: 8G
 Pre-touch: Disabled
 Parallel Workers: 8
 Concurrent Workers: 2
 Concurrent Refinement Workers: 8
 Periodic GC: Disabled
Heap:
 garbage-first heap   total 122880K, used 86875K [0x0000000600000000, 0x0000000800000000)
  region size 4096K, 7 young (28672K), 1 survivors (4096K)
 Metaspace       used 67173K, committed 68032K, reserved 1114112K
  class space    used 9458K, committed 9856K, reserved 1048576K
GC Heap History (20 events):
Event: 34.202 GC heap before
{Heap before GC invocations=13 (full 0):
 garbage-first heap   total 110592K, used 84273K [0x0000000600000000, 0x0000000800000000)
  region size 4096K, 12 young (49152K), 1 survivors (4096K)
 Metaspace       used 47256K, committed 47872K, reserved 1114112K
  class space    used 6606K, committed 6912K, reserved 1048576K
}
Event: 34.208 GC heap after
{Heap after GC invocations=14 (full 0):
 garbage-first heap   total 110592K, used 40904K [0x0000000600000000, 0x0000000800000000)
  region size 4096K, 2 young (8192K), 2 survivors (8192K)
 Metaspace       used 47256K, committed 47872K, reserved 1114112K
  class space    used 6606K, committed 6912K, reserved 1048576K
}
Event: 35.763 GC heap before
{Heap before GC invocations=14 (full 0):
 garbage-first heap   total 110592K, used 81864K [0x0000000600000000, 0x0000000800000000)
  region size 4096K, 12 young (49152K), 2 survivors (8192K)
 Metaspace       used 50134K, committed 50752K, reserved 1114112K
  class space    used 7039K, committed 7296K, reserved 1048576K
}
Event: 35.770 GC heap after
{Heap after GC invocations=15 (full 0):
 garbage-first heap   total 110592K, used 44098K [0x0000000600000000, 0x0000000800000000)
  region size 4096K, 2 young (8192K), 2 survivors (8192K)
 Metaspace       used 50134K, committed 50752K, reserved 1114112K
  class space    used 7039K, committed 7296K, reserved 1048576K
}
Event: 37.421 GC heap before
{Heap before GC invocations=15 (full 0):
 garbage-first heap   total 110592K, used 85058K [0x0000000600000000, 0x0000000800000000)
  region size 4096K, 12 young (49152K), 2 survivors (8192K)
 Metaspace       used 52713K, committed 53376K, reserved 1114112K
  class space    used 7439K, committed 7744K, reserved 1048576K
}
Event: 37.429 GC heap after
{Heap after GC invocations=16 (full 0):
 garbage-first heap   total 110592K, used 45862K [0x0000000600000000, 0x0000000800000000)
  region size 4096K, 2 young (8192K), 2 survivors (8192K)
 Metaspace       used 52713K, committed 53376K, reserved 1114112K
  class space    used 7439K, committed 7744K, reserved 1048576K
}
Event: 40.183 GC heap before
{Heap before GC invocations=16 (full 0):
 garbage-first heap   total 110592K, used 95014K [0x0000000600000000, 0x0000000800000000)
  region size 4096K, 12 young (49152K), 2 survivors (8192K)
 Metaspace       used 56231K, committed 56960K, reserved 1114112K
  class space    used 7938K, committed 8320K, reserved 1048576K
}
Event: 40.190 GC heap after
{Heap after GC invocations=17 (full 0):
 garbage-first heap   total 110592K, used 60461K [0x0000000600000000, 0x0000000800000000)
  region size 4096K, 2 young (8192K), 2 survivors (8192K)
 Metaspace       used 56231K, committed 56960K, reserved 1114112K
  class space    used 7938K, committed 8320K, reserved 1048576K
}
Event: 42.177 GC heap before
{Heap before GC invocations=17 (full 0):
 garbage-first heap   total 110592K, used 85037K [0x0000000600000000, 0x0000000800000000)
  region size 4096K, 8 young (32768K), 2 survivors (8192K)
 Metaspace       used 58235K, committed 58944K, reserved 1114112K
  class space    used 8227K, committed 8576K, reserved 1048576K
}
Event: 42.182 GC heap after
{Heap after GC invocations=18 (full 0):
 garbage-first heap   total 110592K, used 61385K [0x0000000600000000, 0x0000000800000000)
  region size 4096K, 1 young (4096K), 1 survivors (4096K)
 Metaspace       used 58235K, committed 58944K, reserved 1114112K
  class space    used 8227K, committed 8576K, reserved 1048576K
}
Event: 43.920 GC heap before
{Heap before GC invocations=19 (full 0):
 garbage-first heap   total 118784K, used 85961K [0x0000000600000000, 0x0000000800000000)
  region size 4096K, 7 young (28672K), 1 survivors (4096K)
 Metaspace       used 60577K, committed 61312K, reserved 1114112K
  class space    used 8529K, committed 8896K, reserved 1048576K
}
Event: 43.925 GC heap after
{Heap after GC invocations=20 (full 0):
 garbage-first heap   total 118784K, used 62495K [0x0000000600000000, 0x0000000800000000)
  region size 4096K, 1 young (4096K), 1 survivors (4096K)
 Metaspace       used 60577K, committed 61312K, reserved 1114112K
  class space    used 8529K, committed 8896K, reserved 1048576K
}
Event: 47.211 GC heap before
{Heap before GC invocations=20 (full 0):
 garbage-first heap   total 118784K, used 95263K [0x0000000600000000, 0x0000000800000000)
  region size 4096K, 9 young (36864K), 1 survivors (4096K)
 Metaspace       used 62778K, committed 63552K, reserved 1114112K
  class space    used 8823K, committed 9216K, reserved 1048576K
}
Event: 47.216 GC heap after
{Heap after GC invocations=21 (full 0):
 garbage-first heap   total 118784K, used 63683K [0x0000000600000000, 0x0000000800000000)
  region size 4096K, 1 young (4096K), 1 survivors (4096K)
 Metaspace       used 62778K, committed 63552K, reserved 1114112K
  class space    used 8823K, committed 9216K, reserved 1048576K
}
Event: 50.126 GC heap before
{Heap before GC invocations=22 (full 0):
 garbage-first heap   total 118784K, used 96451K [0x0000000600000000, 0x0000000800000000)
  region size 4096K, 9 young (36864K), 1 survivors (4096K)
 Metaspace       used 64398K, committed 65152K, reserved 1114112K
  class space    used 9051K, committed 9408K, reserved 1048576K
}
Event: 50.134 GC heap after
{Heap after GC invocations=23 (full 0):
 garbage-first heap   total 118784K, used 65225K [0x0000000600000000, 0x0000000800000000)
  region size 4096K, 2 young (8192K), 2 survivors (8192K)
 Metaspace       used 64398K, committed 65152K, reserved 1114112K
  class space    used 9051K, committed 9408K, reserved 1048576K
}
Event: 50.625 GC heap before
{Heap before GC invocations=23 (full 0):
 garbage-first heap   total 118784K, used 69321K [0x0000000600000000, 0x0000000800000000)
  region size 4096K, 3 young (12288K), 2 survivors (8192K)
 Metaspace       used 64672K, committed 65408K, reserved 1114112K
  class space    used 9095K, committed 9472K, reserved 1048576K
}
Event: 50.632 GC heap after
{Heap after GC invocations=24 (full 0):
 garbage-first heap   total 118784K, used 64780K [0x0000000600000000, 0x0000000800000000)
  region size 4096K, 1 young (4096K), 1 survivors (4096K)
 Metaspace       used 64672K, committed 65408K, reserved 1114112K
  class space    used 9095K, committed 9472K, reserved 1048576K
}
Event: 53.717 GC heap before
{Heap before GC invocations=24 (full 0):
 garbage-first heap   total 118784K, used 93452K [0x0000000600000000, 0x0000000800000000)
  region size 4096K, 8 young (32768K), 1 survivors (4096K)
 Metaspace       used 66557K, committed 67328K, reserved 1114112K
  class space    used 9360K, committed 9728K, reserved 1048576K
}
Event: 53.722 GC heap after
{Heap after GC invocations=25 (full 0):
 garbage-first heap   total 118784K, used 66395K [0x0000000600000000, 0x0000000800000000)
  region size 4096K, 1 young (4096K), 1 survivors (4096K)
 Metaspace       used 66557K, committed 67328K, reserved 1114112K
  class space    used 9360K, committed 9728K, reserved 1048576K
}

