# JRE version: OpenJDK Runtime Environment Temurin-21.0.12.1+1 (21.0.12.1+1) (build 21.0.12.1+1-LTS)
# Java VM: OpenJDK 64-Bit Server VM Temurin-21.0.12.1+1 (21.0.12.1+1-LTS, mixed mode, sharing, tiered, compressed oops, compressed class ptrs, parallel gc, windows-amd64)
GC Precious Log:
 CardTable entry size: 512
 CPUs: 8 total, 8 available
 Memory: 16264M
 Large Page Support: Disabled
 NUMA Support: Disabled
 Compressed Oops: Enabled (32-bit)
 Alignments: Space 512K, Generation 512K, Heap 2M
 Heap Min Capacity: 100M
 Heap Initial Capacity: 100M
 Heap Max Capacity: 2G
 Pre-touch: Disabled
 Parallel Workers: 8
Heap:
 PSYoungGen      total 19456K, used 19297K [0x00000000d5580000, 0x00000000d6a00000, 0x0000000100000000)
  eden space 18944K, 99% used [0x00000000d5580000,0x00000000d67f0520,0x00000000d6800000)
  from space 512K, 81% used [0x00000000d6980000,0x00000000d69e8000,0x00000000d6a00000)
  to   space 1024K, 0% used [0x00000000d6800000,0x00000000d6800000,0x00000000d6900000)
 ParOldGen       total 68608K, used 42901K [0x0000000080000000, 0x0000000084300000, 0x00000000d5580000)
  object space 68608K, 62% used [0x0000000080000000,0x00000000829e5460,0x0000000084300000)
 Metaspace       used 62938K, committed 64320K, reserved 1114112K
  class space    used 7980K, committed 8576K, reserved 1048576K
GC Heap History (20 events):
Event: 31.991 GC heap before
{Heap before GC invocations=36 (full 3):
 PSYoungGen      total 19456K, used 19232K [0x00000000d5580000, 0x00000000d6b80000, 0x0000000100000000)
  eden space 18944K, 100% used [0x00000000d5580000,0x00000000d6800000,0x00000000d6800000)
  from space 512K, 56% used [0x00000000d6b00000,0x00000000d6b48000,0x00000000d6b80000)
  to   space 512K, 0% used [0x00000000d6a80000,0x00000000d6a80000,0x00000000d6b00000)
 ParOldGen       total 68608K, used 40073K [0x0000000080000000, 0x0000000084300000, 0x00000000d5580000)
  object space 68608K, 58% used [0x0000000080000000,0x0000000082722638,0x0000000084300000)
 Metaspace       used 61532K, committed 62848K, reserved 1114112K
  class space    used 7795K, committed 8384K, reserved 1048576K
}
Event: 31.993 GC heap after
{Heap after GC invocations=36 (full 3):
 PSYoungGen      total 19456K, used 507K [0x00000000d5580000, 0x00000000d6b80000, 0x0000000100000000)
  eden space 18944K, 0% used [0x00000000d5580000,0x00000000d5580000,0x00000000d6800000)
  from space 512K, 99% used [0x00000000d6a80000,0x00000000d6afeeb8,0x00000000d6b00000)
  to   space 512K, 0% used [0x00000000d6b00000,0x00000000d6b00000,0x00000000d6b80000)
 ParOldGen       total 68608K, used 40281K [0x0000000080000000, 0x0000000084300000, 0x00000000d5580000)
  object space 68608K, 58% used [0x0000000080000000,0x0000000082756648,0x0000000084300000)
 Metaspace       used 61532K, committed 62848K, reserved 1114112K
  class space    used 7795K, committed 8384K, reserved 1048576K
}
Event: 32.646 GC heap before
{Heap before GC invocations=37 (full 3):
 PSYoungGen      total 19456K, used 19451K [0x00000000d5580000, 0x00000000d6b80000, 0x0000000100000000)
  eden space 18944K, 100% used [0x00000000d5580000,0x00000000d6800000,0x00000000d6800000)
  from space 512K, 99% used [0x00000000d6a80000,0x00000000d6afeeb8,0x00000000d6b00000)
  to   space 512K, 0% used [0x00000000d6b00000,0x00000000d6b00000,0x00000000d6b80000)
 ParOldGen       total 68608K, used 40281K [0x0000000080000000, 0x0000000084300000, 0x00000000d5580000)
  object space 68608K, 58% used [0x0000000080000000,0x0000000082756648,0x0000000084300000)
 Metaspace       used 61533K, committed 62848K, reserved 1114112K
  class space    used 7795K, committed 8384K, reserved 1048576K
}
Event: 32.647 GC heap after
{Heap after GC invocations=37 (full 3):
 PSYoungGen      total 19456K, used 362K [0x00000000d5580000, 0x00000000d6b80000, 0x0000000100000000)
  eden space 18944K, 0% used [0x00000000d5580000,0x00000000d5580000,0x00000000d6800000)
  from space 512K, 70% used [0x00000000d6b00000,0x00000000d6b5a800,0x00000000d6b80000)
  to   space 512K, 0% used [0x00000000d6a80000,0x00000000d6a80000,0x00000000d6b00000)
 ParOldGen       total 68608K, used 40566K [0x0000000080000000, 0x0000000084300000, 0x00000000d5580000)
  object space 68608K, 59% used [0x0000000080000000,0x000000008279da20,0x0000000084300000)
 Metaspace       used 61533K, committed 62848K, reserved 1114112K
  class space    used 7795K, committed 8384K, reserved 1048576K
}
Event: 33.239 GC heap before
{Heap before GC invocations=38 (full 3):
 PSYoungGen      total 19456K, used 19306K [0x00000000d5580000, 0x00000000d6b80000, 0x0000000100000000)
  eden space 18944K, 100% used [0x00000000d5580000,0x00000000d6800000,0x00000000d6800000)
  from space 512K, 70% used [0x00000000d6b00000,0x00000000d6b5a800,0x00000000d6b80000)
  to   space 512K, 0% used [0x00000000d6a80000,0x00000000d6a80000,0x00000000d6b00000)
 ParOldGen       total 68608K, used 40566K [0x0000000080000000, 0x0000000084300000, 0x00000000d5580000)
  object space 68608K, 59% used [0x0000000080000000,0x000000008279da20,0x0000000084300000)
 Metaspace       used 61538K, committed 62848K, reserved 1114112K
  class space    used 7795K, committed 8384K, reserved 1048576K
}
Event: 33.239 GC heap after
{Heap after GC invocations=38 (full 3):
 PSYoungGen      total 19456K, used 509K [0x00000000d5580000, 0x00000000d6b80000, 0x0000000100000000)
  eden space 18944K, 0% used [0x00000000d5580000,0x00000000d5580000,0x00000000d6800000)
  from space 512K, 99% used [0x00000000d6a80000,0x00000000d6aff530,0x00000000d6b00000)
  to   space 512K, 0% used [0x00000000d6b00000,0x00000000d6b00000,0x00000000d6b80000)
 ParOldGen       total 68608K, used 41239K [0x0000000080000000, 0x0000000084300000, 0x00000000d5580000)
  object space 68608K, 60% used [0x0000000080000000,0x0000000082845f70,0x0000000084300000)
 Metaspace       used 61538K, committed 62848K, reserved 1114112K
  class space    used 7795K, committed 8384K, reserved 1048576K
}
Event: 33.882 GC heap before
{Heap before GC invocations=39 (full 3):
 PSYoungGen      total 19456K, used 19453K [0x00000000d5580000, 0x00000000d6b80000, 0x0000000100000000)
  eden space 18944K, 100% used [0x00000000d5580000,0x00000000d6800000,0x00000000d6800000)
  from space 512K, 99% used [0x00000000d6a80000,0x00000000d6aff530,0x00000000d6b00000)
  to   space 512K, 0% used [0x00000000d6b00000,0x00000000d6b00000,0x00000000d6b80000)
 ParOldGen       total 68608K, used 41239K [0x0000000080000000, 0x0000000084300000, 0x00000000d5580000)
  object space 68608K, 60% used [0x0000000080000000,0x0000000082845f70,0x0000000084300000)
 Metaspace       used 61538K, committed 62848K, reserved 1114112K
  class space    used 7795K, committed 8384K, reserved 1048576K
}
Event: 33.882 GC heap after
{Heap after GC invocations=39 (full 3):
 PSYoungGen      total 19456K, used 493K [0x00000000d5580000, 0x00000000d6b80000, 0x0000000100000000)
  eden space 18944K, 0% used [0x00000000d5580000,0x00000000d5580000,0x00000000d6800000)
  from space 512K, 96% used [0x00000000d6b00000,0x00000000d6b7b478,0x00000000d6b80000)
  to   space 1536K, 0% used [0x00000000d6880000,0x00000000d6880000,0x00000000d6a00000)
 ParOldGen       total 68608K, used 42073K [0x0000000080000000, 0x0000000084300000, 0x00000000d5580000)
  object space 68608K, 61% used [0x0000000080000000,0x0000000082916610,0x0000000084300000)
 Metaspace       used 61538K, committed 62848K, reserved 1114112K
  class space    used 7795K, committed 8384K, reserved 1048576K
}
Event: 34.824 GC heap before
{Heap before GC invocations=40 (full 3):
 PSYoungGen      total 19456K, used 19437K [0x00000000d5580000, 0x00000000d6b80000, 0x0000000100000000)
  eden space 18944K, 100% used [0x00000000d5580000,0x00000000d6800000,0x00000000d6800000)
  from space 512K, 96% used [0x00000000d6b00000,0x00000000d6b7b478,0x00000000d6b80000)
  to   space 1536K, 0% used [0x00000000d6880000,0x00000000d6880000,0x00000000d6a00000)
 ParOldGen       total 68608K, used 42073K [0x0000000080000000, 0x0000000084300000, 0x00000000d5580000)
  object space 68608K, 61% used [0x0000000080000000,0x0000000082916610,0x0000000084300000)
 Metaspace       used 61538K, committed 62848K, reserved 1114112K
  class space    used 7795K, committed 8384K, reserved 1048576K
}
Event: 34.824 GC heap after
{Heap after GC invocations=40 (full 3):
 PSYoungGen      total 20480K, used 934K [0x00000000d5580000, 0x00000000d6b80000, 0x0000000100000000)
  eden space 18944K, 0% used [0x00000000d5580000,0x00000000d5580000,0x00000000d6800000)
  from space 1536K, 60% used [0x00000000d6880000,0x00000000d6969908,0x00000000d6a00000)
  to   space 1536K, 0% used [0x00000000d6a00000,0x00000000d6a00000,0x00000000d6b80000)
 ParOldGen       total 68608K, used 42113K [0x0000000080000000, 0x0000000084300000, 0x00000000d5580000)
  object space 68608K, 61% used [0x0000000080000000,0x0000000082920610,0x0000000084300000)
 Metaspace       used 61538K, committed 62848K, reserved 1114112K
  class space    used 7795K, committed 8384K, reserved 1048576K
}
Event: 36.424 GC heap before
{Heap before GC invocations=41 (full 3):
 PSYoungGen      total 20480K, used 19878K [0x00000000d5580000, 0x00000000d6b80000, 0x0000000100000000)
  eden space 18944K, 100% used [0x00000000d5580000,0x00000000d6800000,0x00000000d6800000)
  from space 1536K, 60% used [0x00000000d6880000,0x00000000d6969908,0x00000000d6a00000)
  to   space 1536K, 0% used [0x00000000d6a00000,0x00000000d6a00000,0x00000000d6b80000)
 ParOldGen       total 68608K, used 42113K [0x0000000080000000, 0x0000000084300000, 0x00000000d5580000)
  object space 68608K, 61% used [0x0000000080000000,0x0000000082920610,0x0000000084300000)
 Metaspace       used 61571K, committed 62976K, reserved 1114112K
  class space    used 7795K, committed 8384K, reserved 1048576K
}
Event: 36.426 GC heap after
{Heap after GC invocations=41 (full 3):
 PSYoungGen      total 19968K, used 898K [0x00000000d5580000, 0x00000000d6b00000, 0x0000000100000000)
  eden space 18944K, 0% used [0x00000000d5580000,0x00000000d5580000,0x00000000d6800000)
  from space 1024K, 87% used [0x00000000d6a00000,0x00000000d6ae08e8,0x00000000d6b00000)
  to   space 1024K, 0% used [0x00000000d6900000,0x00000000d6900000,0x00000000d6a00000)
 ParOldGen       total 68608K, used 42201K [0x0000000080000000, 0x0000000084300000, 0x00000000d5580000)
  object space 68608K, 61% used [0x0000000080000000,0x0000000082936610,0x0000000084300000)
 Metaspace       used 61571K, committed 62976K, reserved 1114112K
  class space    used 7795K, committed 8384K, reserved 1048576K
}
Event: 37.120 GC heap before
{Heap before GC invocations=42 (full 3):
 PSYoungGen      total 19968K, used 19842K [0x00000000d5580000, 0x00000000d6b00000, 0x0000000100000000)
  eden space 18944K, 100% used [0x00000000d5580000,0x00000000d6800000,0x00000000d6800000)
  from space 1024K, 87% used [0x00000000d6a00000,0x00000000d6ae08e8,0x00000000d6b00000)
  to   space 1024K, 0% used [0x00000000d6900000,0x00000000d6900000,0x00000000d6a00000)
 ParOldGen       total 68608K, used 42201K [0x0000000080000000, 0x0000000084300000, 0x00000000d5580000)
  object space 68608K, 61% used [0x0000000080000000,0x0000000082936610,0x0000000084300000)
 Metaspace       used 61786K, committed 63104K, reserved 1114112K
  class space    used 7805K, committed 8384K, reserved 1048576K
}
Event: 37.122 GC heap after
{Heap after GC invocations=42 (full 3):
 PSYoungGen      total 19968K, used 1018K [0x00000000d5580000, 0x00000000d6b00000, 0x0000000100000000)
  eden space 18944K, 0% used [0x00000000d5580000,0x00000000d5580000,0x00000000d6800000)
  from space 1024K, 99% used [0x00000000d6900000,0x00000000d69febf0,0x00000000d6a00000)
  to   space 1024K, 0% used [0x00000000d6a00000,0x00000000d6a00000,0x00000000d6b00000)
 ParOldGen       total 68608K, used 42379K [0x0000000080000000, 0x0000000084300000, 0x00000000d5580000)
  object space 68608K, 61% used [0x0000000080000000,0x0000000082962e78,0x0000000084300000)
 Metaspace       used 61786K, committed 63104K, reserved 1114112K
  class space    used 7805K, committed 8384K, reserved 1048576K
}
Event: 37.525 GC heap before
{Heap before GC invocations=43 (full 3):
 PSYoungGen      total 19968K, used 19962K [0x00000000d5580000, 0x00000000d6b00000, 0x0000000100000000)
  eden space 18944K, 100% used [0x00000000d5580000,0x00000000d6800000,0x00000000d6800000)
  from space 1024K, 99% used [0x00000000d6900000,0x00000000d69febf0,0x00000000d6a00000)
  to   space 1024K, 0% used [0x00000000d6a00000,0x00000000d6a00000,0x00000000d6b00000)
 ParOldGen       total 68608K, used 42379K [0x0000000080000000, 0x0000000084300000, 0x00000000d5580000)
  object space 68608K, 61% used [0x0000000080000000,0x0000000082962e78,0x0000000084300000)
 Metaspace       used 61786K, committed 63104K, reserved 1114112K
  class space    used 7805K, committed 8384K, reserved 1048576K
}
Event: 37.527 GC heap after
{Heap after GC invocations=43 (full 3):
 PSYoungGen      total 19968K, used 966K [0x00000000d5580000, 0x00000000d6b00000, 0x0000000100000000)
  eden space 18944K, 0% used [0x00000000d5580000,0x00000000d5580000,0x00000000d6800000)
  from space 1024K, 94% used [0x00000000d6a00000,0x00000000d6af1900,0x00000000d6b00000)
  to   space 1536K, 0% used [0x00000000d6800000,0x00000000d6800000,0x00000000d6980000)
 ParOldGen       total 68608K, used 42829K [0x0000000080000000, 0x0000000084300000, 0x00000000d5580000)
  object space 68608K, 62% used [0x0000000080000000,0x00000000829d3460,0x0000000084300000)
 Metaspace       used 61786K, committed 63104K, reserved 1114112K
  class space    used 7805K, committed 8384K, reserved 1048576K
}
Event: 38.021 GC heap before
{Heap before GC invocations=44 (full 3):
 PSYoungGen      total 19968K, used 19910K [0x00000000d5580000, 0x00000000d6b00000, 0x0000000100000000)
  eden space 18944K, 100% used [0x00000000d5580000,0x00000000d6800000,0x00000000d6800000)
  from space 1024K, 94% used [0x00000000d6a00000,0x00000000d6af1900,0x00000000d6b00000)
  to   space 1536K, 0% used [0x00000000d6800000,0x00000000d6800000,0x00000000d6980000)
 ParOldGen       total 68608K, used 42829K [0x0000000080000000, 0x0000000084300000, 0x00000000d5580000)
  object space 68608K, 62% used [0x0000000080000000,0x00000000829d3460,0x0000000084300000)
 Metaspace       used 61786K, committed 63104K, reserved 1114112K
  class space    used 7805K, committed 8384K, reserved 1048576K
}
Event: 38.022 GC heap after
{Heap after GC invocations=44 (full 3):
 PSYoungGen      total 20480K, used 1186K [0x00000000d5580000, 0x00000000d6b00000, 0x0000000100000000)
  eden space 18944K, 0% used [0x00000000d5580000,0x00000000d5580000,0x00000000d6800000)
  from space 1536K, 77% used [0x00000000d6800000,0x00000000d6928ad8,0x00000000d6980000)
  to   space 1536K, 0% used [0x00000000d6980000,0x00000000d6980000,0x00000000d6b00000)
 ParOldGen       total 68608K, used 42877K [0x0000000080000000, 0x0000000084300000, 0x00000000d5580000)
  object space 68608K, 62% used [0x0000000080000000,0x00000000829df460,0x0000000084300000)
 Metaspace       used 61786K, committed 63104K, reserved 1114112K
  class space    used 7805K, committed 8384K, reserved 1048576K
}
Event: 39.676 GC heap before
{Heap before GC invocations=45 (full 3):
 PSYoungGen      total 20480K, used 20130K [0x00000000d5580000, 0x00000000d6b00000, 0x0000000100000000)
  eden space 18944K, 100% used [0x00000000d5580000,0x00000000d6800000,0x00000000d6800000)
  from space 1536K, 77% used [0x00000000d6800000,0x00000000d6928ad8,0x00000000d6980000)
  to   space 1536K, 0% used [0x00000000d6980000,0x00000000d6980000,0x00000000d6b00000)
 ParOldGen       total 68608K, used 42877K [0x0000000080000000, 0x0000000084300000, 0x00000000d5580000)
  object space 68608K, 62% used [0x0000000080000000,0x00000000829df460,0x0000000084300000)
 Metaspace       used 62546K, committed 63872K, reserved 1114112K
  class space    used 7931K, committed 8512K, reserved 1048576K
}
Event: 39.678 GC heap after
{Heap after GC invocations=45 (full 3):
 PSYoungGen      total 19456K, used 416K [0x00000000d5580000, 0x00000000d6a00000, 0x0000000100000000)
  eden space 18944K, 0% used [0x00000000d5580000,0x00000000d5580000,0x00000000d6800000)
  from space 512K, 81% used [0x00000000d6980000,0x00000000d69e8000,0x00000000d6a00000)
  to   space 1024K, 0% used [0x00000000d6800000,0x00000000d6800000,0x00000000d6900000)
 ParOldGen       total 68608K, used 42901K [0x0000000080000000, 0x0000000084300000, 0x00000000d5580000)
  object space 68608K, 62% used [0x0000000080000000,0x00000000829e5460,0x0000000084300000)
 Metaspace       used 62546K, committed 63872K, reserved 1114112K
  class space    used 7931K, committed 8512K, reserved 1048576K
}

