# JRE version: OpenJDK Runtime Environment Temurin-21.0.12.1+1 (21.0.12.1+1) (build 21.0.12.1+1-LTS)
# Java VM: OpenJDK 64-Bit Server VM Temurin-21.0.12.1+1 (21.0.12.1+1-LTS, mixed mode, sharing, tiered, compressed oops, compressed class ptrs, parallel gc, windows-amd64)
GC Precious Log:
 CardTable entry size: 512
 CPUs: 8 total, 8 available
 Memory: 16264M
 Large Page Support: Disabled
 NUMA Support: Disabled
 Compressed Oops: Enabled (32-bit)
 Alignments: Space 512K, Generation 512K, Heap 2M
 Heap Min Capacity: 100M
 Heap Initial Capacity: 100M
 Heap Max Capacity: 2G
 Pre-touch: Disabled
 Parallel Workers: 8
Heap:
 PSYoungGen      total 15360K, used 3511K [0x00000000d5580000, 0x00000000d6700000, 0x0000000100000000)
  eden space 14336K, 20% used [0x00000000d5580000,0x00000000d584dd28,0x00000000d6380000)
  from space 1024K, 62% used [0x00000000d6580000,0x00000000d6620000,0x00000000d6680000)
  to   space 512K, 0% used [0x00000000d6680000,0x00000000d6680000,0x00000000d6700000)
 ParOldGen       total 68608K, used 43042K [0x0000000080000000, 0x0000000084300000, 0x00000000d5580000)
  object space 68608K, 62% used [0x0000000080000000,0x0000000082a08a60,0x0000000084300000)
 Metaspace       used 62563K, committed 64064K, reserved 1114112K
  class space    used 7949K, committed 8640K, reserved 1048576K
GC Heap History (20 events):
Event: 18.671 GC heap before
{Heap before GC invocations=47 (full 3):
 PSYoungGen      total 15872K, used 15143K [0x00000000d5580000, 0x00000000d6880000, 0x0000000100000000)
  eden space 14336K, 100% used [0x00000000d5580000,0x00000000d6380000,0x00000000d6380000)
  from space 1536K, 52% used [0x00000000d6580000,0x00000000d6649dd8,0x00000000d6700000)
  to   space 1024K, 0% used [0x00000000d6780000,0x00000000d6780000,0x00000000d6880000)
 ParOldGen       total 68608K, used 40931K [0x0000000080000000, 0x0000000084300000, 0x00000000d5580000)
  object space 68608K, 59% used [0x0000000080000000,0x00000000827f8fb0,0x0000000084300000)
 Metaspace       used 61475K, committed 62912K, reserved 1114112K
  class space    used 7797K, committed 8448K, reserved 1048576K
}
Event: 18.672 GC heap after
{Heap after GC invocations=47 (full 3):
 PSYoungGen      total 14848K, used 128K [0x00000000d5580000, 0x00000000d6800000, 0x0000000100000000)
  eden space 14336K, 0% used [0x00000000d5580000,0x00000000d5580000,0x00000000d6380000)
  from space 512K, 25% used [0x00000000d6780000,0x00000000d67a0000,0x00000000d6800000)
  to   space 512K, 0% used [0x00000000d6700000,0x00000000d6700000,0x00000000d6780000)
 ParOldGen       total 68608K, used 41227K [0x0000000080000000, 0x0000000084300000, 0x00000000d5580000)
  object space 68608K, 60% used [0x0000000080000000,0x0000000082842f20,0x0000000084300000)
 Metaspace       used 61475K, committed 62912K, reserved 1114112K
  class space    used 7797K, committed 8448K, reserved 1048576K
}
Event: 18.900 GC heap before
{Heap before GC invocations=48 (full 3):
 PSYoungGen      total 14848K, used 14464K [0x00000000d5580000, 0x00000000d6800000, 0x0000000100000000)
  eden space 14336K, 100% used [0x00000000d5580000,0x00000000d6380000,0x00000000d6380000)
  from space 512K, 25% used [0x00000000d6780000,0x00000000d67a0000,0x00000000d6800000)
  to   space 512K, 0% used [0x00000000d6700000,0x00000000d6700000,0x00000000d6780000)
 ParOldGen       total 68608K, used 41227K [0x0000000080000000, 0x0000000084300000, 0x00000000d5580000)
  object space 68608K, 60% used [0x0000000080000000,0x0000000082842f20,0x0000000084300000)
 Metaspace       used 61475K, committed 62912K, reserved 1114112K
  class space    used 7797K, committed 8448K, reserved 1048576K
}
Event: 18.901 GC heap after
{Heap after GC invocations=48 (full 3):
 PSYoungGen      total 14848K, used 500K [0x00000000d5580000, 0x00000000d6800000, 0x0000000100000000)
  eden space 14336K, 0% used [0x00000000d5580000,0x00000000d5580000,0x00000000d6380000)
  from space 512K, 97% used [0x00000000d6700000,0x00000000d677d350,0x00000000d6780000)
  to   space 512K, 0% used [0x00000000d6780000,0x00000000d6780000,0x00000000d6800000)
 ParOldGen       total 68608K, used 41805K [0x0000000080000000, 0x0000000084300000, 0x00000000d5580000)
  object space 68608K, 60% used [0x0000000080000000,0x00000000828d3490,0x0000000084300000)
 Metaspace       used 61475K, committed 62912K, reserved 1114112K
  class space    used 7797K, committed 8448K, reserved 1048576K
}
Event: 19.153 GC heap before
{Heap before GC invocations=49 (full 3):
 PSYoungGen      total 14848K, used 14836K [0x00000000d5580000, 0x00000000d6800000, 0x0000000100000000)
  eden space 14336K, 100% used [0x00000000d5580000,0x00000000d6380000,0x00000000d6380000)
  from space 512K, 97% used [0x00000000d6700000,0x00000000d677d350,0x00000000d6780000)
  to   space 512K, 0% used [0x00000000d6780000,0x00000000d6780000,0x00000000d6800000)
 ParOldGen       total 68608K, used 41805K [0x0000000080000000, 0x0000000084300000, 0x00000000d5580000)
  object space 68608K, 60% used [0x0000000080000000,0x00000000828d3490,0x0000000084300000)
 Metaspace       used 61475K, committed 62912K, reserved 1114112K
  class space    used 7797K, committed 8448K, reserved 1048576K
}
Event: 19.154 GC heap after
{Heap after GC invocations=49 (full 3):
 PSYoungGen      total 14848K, used 503K [0x00000000d5580000, 0x00000000d6800000, 0x0000000100000000)
  eden space 14336K, 0% used [0x00000000d5580000,0x00000000d5580000,0x00000000d6380000)
  from space 512K, 98% used [0x00000000d6780000,0x00000000d67fdd70,0x00000000d6800000)
  to   space 1024K, 0% used [0x00000000d6600000,0x00000000d6600000,0x00000000d6700000)
 ParOldGen       total 68608K, used 41845K [0x0000000080000000, 0x0000000084300000, 0x00000000d5580000)
  object space 68608K, 60% used [0x0000000080000000,0x00000000828dd490,0x0000000084300000)
 Metaspace       used 61475K, committed 62912K, reserved 1114112K
  class space    used 7797K, committed 8448K, reserved 1048576K
}
Event: 19.435 GC heap before
{Heap before GC invocations=50 (full 3):
 PSYoungGen      total 14848K, used 14839K [0x00000000d5580000, 0x00000000d6800000, 0x0000000100000000)
  eden space 14336K, 100% used [0x00000000d5580000,0x00000000d6380000,0x00000000d6380000)
  from space 512K, 98% used [0x00000000d6780000,0x00000000d67fdd70,0x00000000d6800000)
  to   space 1024K, 0% used [0x00000000d6600000,0x00000000d6600000,0x00000000d6700000)
 ParOldGen       total 68608K, used 41845K [0x0000000080000000, 0x0000000084300000, 0x00000000d5580000)
  object space 68608K, 60% used [0x0000000080000000,0x00000000828dd490,0x0000000084300000)
 Metaspace       used 61475K, committed 62912K, reserved 1114112K
  class space    used 7797K, committed 8448K, reserved 1048576K
}
Event: 19.436 GC heap after
{Heap after GC invocations=50 (full 3):
 PSYoungGen      total 15360K, used 858K [0x00000000d5580000, 0x00000000d6800000, 0x0000000100000000)
  eden space 14336K, 0% used [0x00000000d5580000,0x00000000d5580000,0x00000000d6380000)
  from space 1024K, 83% used [0x00000000d6600000,0x00000000d66d6940,0x00000000d6700000)
  to   space 1024K, 0% used [0x00000000d6700000,0x00000000d6700000,0x00000000d6800000)
 ParOldGen       total 68608K, used 41959K [0x0000000080000000, 0x0000000084300000, 0x00000000d5580000)
  object space 68608K, 61% used [0x0000000080000000,0x00000000828f9cf8,0x0000000084300000)
 Metaspace       used 61475K, committed 62912K, reserved 1114112K
  class space    used 7797K, committed 8448K, reserved 1048576K
}
Event: 19.659 GC heap before
{Heap before GC invocations=51 (full 3):
 PSYoungGen      total 15360K, used 15194K [0x00000000d5580000, 0x00000000d6800000, 0x0000000100000000)
  eden space 14336K, 100% used [0x00000000d5580000,0x00000000d6380000,0x00000000d6380000)
  from space 1024K, 83% used [0x00000000d6600000,0x00000000d66d6940,0x00000000d6700000)
  to   space 1024K, 0% used [0x00000000d6700000,0x00000000d6700000,0x00000000d6800000)
 ParOldGen       total 68608K, used 41959K [0x0000000080000000, 0x0000000084300000, 0x00000000d5580000)
  object space 68608K, 61% used [0x0000000080000000,0x00000000828f9cf8,0x0000000084300000)
 Metaspace       used 61475K, committed 62912K, reserved 1114112K
  class space    used 7797K, committed 8448K, reserved 1048576K
}
Event: 19.659 GC heap after
{Heap after GC invocations=51 (full 3):
 PSYoungGen      total 15360K, used 806K [0x00000000d5580000, 0x00000000d6800000, 0x0000000100000000)
  eden space 14336K, 0% used [0x00000000d5580000,0x00000000d5580000,0x00000000d6380000)
  from space 1024K, 78% used [0x00000000d6700000,0x00000000d67c9a50,0x00000000d6800000)
  to   space 1024K, 0% used [0x00000000d6600000,0x00000000d6600000,0x00000000d6700000)
 ParOldGen       total 68608K, used 42007K [0x0000000080000000, 0x0000000084300000, 0x00000000d5580000)
  object space 68608K, 61% used [0x0000000080000000,0x0000000082905cf8,0x0000000084300000)
 Metaspace       used 61475K, committed 62912K, reserved 1114112K
  class space    used 7797K, committed 8448K, reserved 1048576K
}
Event: 19.885 GC heap before
{Heap before GC invocations=52 (full 3):
 PSYoungGen      total 15360K, used 15142K [0x00000000d5580000, 0x00000000d6800000, 0x0000000100000000)
  eden space 14336K, 100% used [0x00000000d5580000,0x00000000d6380000,0x00000000d6380000)
  from space 1024K, 78% used [0x00000000d6700000,0x00000000d67c9a50,0x00000000d6800000)
  to   space 1024K, 0% used [0x00000000d6600000,0x00000000d6600000,0x00000000d6700000)
 ParOldGen       total 68608K, used 42007K [0x0000000080000000, 0x0000000084300000, 0x00000000d5580000)
  object space 68608K, 61% used [0x0000000080000000,0x0000000082905cf8,0x0000000084300000)
 Metaspace       used 61475K, committed 62912K, reserved 1114112K
  class space    used 7797K, committed 8448K, reserved 1048576K
}
Event: 19.886 GC heap after
{Heap after GC invocations=52 (full 3):
 PSYoungGen      total 15360K, used 128K [0x00000000d5580000, 0x00000000d6780000, 0x0000000100000000)
  eden space 14336K, 0% used [0x00000000d5580000,0x00000000d5580000,0x00000000d6380000)
  from space 1024K, 12% used [0x00000000d6600000,0x00000000d6620000,0x00000000d6700000)
  to   space 512K, 0% used [0x00000000d6700000,0x00000000d6700000,0x00000000d6780000)
 ParOldGen       total 68608K, used 42130K [0x0000000080000000, 0x0000000084300000, 0x00000000d5580000)
  object space 68608K, 61% used [0x0000000080000000,0x0000000082924a18,0x0000000084300000)
 Metaspace       used 61475K, committed 62912K, reserved 1114112K
  class space    used 7797K, committed 8448K, reserved 1048576K
}
Event: 20.073 GC heap before
{Heap before GC invocations=53 (full 3):
 PSYoungGen      total 15360K, used 14464K [0x00000000d5580000, 0x00000000d6780000, 0x0000000100000000)
  eden space 14336K, 100% used [0x00000000d5580000,0x00000000d6380000,0x00000000d6380000)
  from space 1024K, 12% used [0x00000000d6600000,0x00000000d6620000,0x00000000d6700000)
  to   space 512K, 0% used [0x00000000d6700000,0x00000000d6700000,0x00000000d6780000)
 ParOldGen       total 68608K, used 42130K [0x0000000080000000, 0x0000000084300000, 0x00000000d5580000)
  object space 68608K, 61% used [0x0000000080000000,0x0000000082924a18,0x0000000084300000)
 Metaspace       used 61475K, committed 62912K, reserved 1114112K
  class space    used 7797K, committed 8448K, reserved 1048576K
}
Event: 20.074 GC heap after
{Heap after GC invocations=53 (full 3):
 PSYoungGen      total 14848K, used 495K [0x00000000d5580000, 0x00000000d6780000, 0x0000000100000000)
  eden space 14336K, 0% used [0x00000000d5580000,0x00000000d5580000,0x00000000d6380000)
  from space 512K, 96% used [0x00000000d6700000,0x00000000d677beb0,0x00000000d6780000)
  to   space 1536K, 0% used [0x00000000d6480000,0x00000000d6480000,0x00000000d6600000)
 ParOldGen       total 68608K, used 42816K [0x0000000080000000, 0x0000000084300000, 0x00000000d5580000)
  object space 68608K, 62% used [0x0000000080000000,0x00000000829d02c8,0x0000000084300000)
 Metaspace       used 61475K, committed 62912K, reserved 1114112K
  class space    used 7797K, committed 8448K, reserved 1048576K
}
Event: 20.215 GC heap before
{Heap before GC invocations=54 (full 3):
 PSYoungGen      total 14848K, used 14831K [0x00000000d5580000, 0x00000000d6780000, 0x0000000100000000)
  eden space 14336K, 100% used [0x00000000d5580000,0x00000000d6380000,0x00000000d6380000)
  from space 512K, 96% used [0x00000000d6700000,0x00000000d677beb0,0x00000000d6780000)
  to   space 1536K, 0% used [0x00000000d6480000,0x00000000d6480000,0x00000000d6600000)
 ParOldGen       total 68608K, used 42816K [0x0000000080000000, 0x0000000084300000, 0x00000000d5580000)
  object space 68608K, 62% used [0x0000000080000000,0x00000000829d02c8,0x0000000084300000)
 Metaspace       used 61475K, committed 62912K, reserved 1114112K
  class space    used 7797K, committed 8448K, reserved 1048576K
}
Event: 20.216 GC heap after
{Heap after GC invocations=54 (full 3):
 PSYoungGen      total 15872K, used 320K [0x00000000d5580000, 0x00000000d6780000, 0x0000000100000000)
  eden space 14336K, 0% used [0x00000000d5580000,0x00000000d5580000,0x00000000d6380000)
  from space 1536K, 20% used [0x00000000d6480000,0x00000000d64d0000,0x00000000d6600000)
  to   space 1024K, 0% used [0x00000000d6680000,0x00000000d6680000,0x00000000d6780000)
 ParOldGen       total 68608K, used 42855K [0x0000000080000000, 0x0000000084300000, 0x00000000d5580000)
  object space 68608K, 62% used [0x0000000080000000,0x00000000829d9d40,0x0000000084300000)
 Metaspace       used 61475K, committed 62912K, reserved 1114112K
  class space    used 7797K, committed 8448K, reserved 1048576K
}
Event: 20.377 GC heap before
{Heap before GC invocations=55 (full 3):
 PSYoungGen      total 15872K, used 14656K [0x00000000d5580000, 0x00000000d6780000, 0x0000000100000000)
  eden space 14336K, 100% used [0x00000000d5580000,0x00000000d6380000,0x00000000d6380000)
  from space 1536K, 20% used [0x00000000d6480000,0x00000000d64d0000,0x00000000d6600000)
  to   space 1024K, 0% used [0x00000000d6680000,0x00000000d6680000,0x00000000d6780000)
 ParOldGen       total 68608K, used 42855K [0x0000000080000000, 0x0000000084300000, 0x00000000d5580000)
  object space 68608K, 62% used [0x0000000080000000,0x00000000829d9d40,0x0000000084300000)
 Metaspace       used 61475K, committed 62912K, reserved 1114112K
  class space    used 7797K, committed 8448K, reserved 1048576K
}
Event: 20.378 GC heap after
{Heap after GC invocations=55 (full 3):
 PSYoungGen      total 15360K, used 674K [0x00000000d5580000, 0x00000000d6780000, 0x0000000100000000)
  eden space 14336K, 0% used [0x00000000d5580000,0x00000000d5580000,0x00000000d6380000)
  from space 1024K, 65% used [0x00000000d6680000,0x00000000d6728a28,0x00000000d6780000)
  to   space 1024K, 0% used [0x00000000d6580000,0x00000000d6580000,0x00000000d6680000)
 ParOldGen       total 68608K, used 42994K [0x0000000080000000, 0x0000000084300000, 0x00000000d5580000)
  object space 68608K, 62% used [0x0000000080000000,0x00000000829fca50,0x0000000084300000)
 Metaspace       used 61475K, committed 62912K, reserved 1114112K
  class space    used 7797K, committed 8448K, reserved 1048576K
}
Event: 20.619 GC heap before
{Heap before GC invocations=56 (full 3):
 PSYoungGen      total 15360K, used 15010K [0x00000000d5580000, 0x00000000d6780000, 0x0000000100000000)
  eden space 14336K, 100% used [0x00000000d5580000,0x00000000d6380000,0x00000000d6380000)
  from space 1024K, 65% used [0x00000000d6680000,0x00000000d6728a28,0x00000000d6780000)
  to   space 1024K, 0% used [0x00000000d6580000,0x00000000d6580000,0x00000000d6680000)
 ParOldGen       total 68608K, used 42994K [0x0000000080000000, 0x0000000084300000, 0x00000000d5580000)
  object space 68608K, 62% used [0x0000000080000000,0x00000000829fca50,0x0000000084300000)
 Metaspace       used 62416K, committed 63936K, reserved 1114112K
  class space    used 7933K, committed 8640K, reserved 1048576K
}
Event: 20.621 GC heap after
{Heap after GC invocations=56 (full 3):
 PSYoungGen      total 15360K, used 640K [0x00000000d5580000, 0x00000000d6700000, 0x0000000100000000)
  eden space 14336K, 0% used [0x00000000d5580000,0x00000000d5580000,0x00000000d6380000)
  from space 1024K, 62% used [0x00000000d6580000,0x00000000d6620000,0x00000000d6680000)
  to   space 512K, 0% used [0x00000000d6680000,0x00000000d6680000,0x00000000d6700000)
 ParOldGen       total 68608K, used 43042K [0x0000000080000000, 0x0000000084300000, 0x00000000d5580000)
  object space 68608K, 62% used [0x0000000080000000,0x0000000082a08a60,0x0000000084300000)
 Metaspace       used 62416K, committed 63936K, reserved 1114112K
  class space    used 7933K, committed 8640K, reserved 1048576K
}

