# JRE version: OpenJDK Runtime Environment Microsoft-14940689 (17.0.20.1+1) (build 17.0.20.1+1-LTS)
# Java VM: OpenJDK 64-Bit Server VM Microsoft-14940689 (17.0.20.1+1-LTS, mixed mode, sharing, tiered, compressed oops, compressed class ptrs, g1 gc, windows-amd64)
GC Precious Log:
 CPUs: 8 total, 8 available
 Memory: 16264M
 Large Page Support: Disabled
 NUMA Support: Disabled
 Compressed Oops: Enabled (Zero based)
 Heap Region Size: 4M
 Heap Min Capacity: 8M
 Heap Initial Capacity: 256M
 Heap Max Capacity: 8G
 Pre-touch: Disabled
 Parallel Workers: 8
 Concurrent Workers: 2
 Concurrent Refinement Workers: 8
 Periodic GC: Disabled
Heap:
 garbage-first heap   total 98304K, used 39035K [0x0000000600000000, 0x0000000800000000)
  region size 4096K, 1 young (4096K), 1 survivors (4096K)
 Metaspace       used 42021K, committed 42624K, reserved 1114112K
  class space    used 5867K, committed 6144K, reserved 1048576K
GC Heap History (20 events):
Event: 0.911 GC heap after
{Heap after GC invocations=1 (full 0):
 garbage-first heap   total 262144K, used 2475K [0x0000000600000000, 0x0000000800000000)
  region size 4096K, 1 young (4096K), 1 survivors (4096K)
 Metaspace       used 1049K, committed 1216K, reserved 1114112K
  class space    used 73K, committed 128K, reserved 1048576K
}
Event: 1.859 GC heap before
{Heap before GC invocations=1 (full 0):
 garbage-first heap   total 262144K, used 39339K [0x0000000600000000, 0x0000000800000000)
  region size 4096K, 10 young (40960K), 1 survivors (4096K)
 Metaspace       used 4358K, committed 4544K, reserved 1114112K
  class space    used 541K, committed 640K, reserved 1048576K
}
Event: 1.863 GC heap after
{Heap after GC invocations=2 (full 0):
 garbage-first heap   total 262144K, used 11452K [0x0000000600000000, 0x0000000800000000)
  region size 4096K, 2 young (8192K), 2 survivors (8192K)
 Metaspace       used 4358K, committed 4544K, reserved 1114112K
  class space    used 541K, committed 640K, reserved 1048576K
}
Event: 2.458 GC heap before
{Heap before GC invocations=2 (full 0):
 garbage-first heap   total 262144K, used 52412K [0x0000000600000000, 0x0000000800000000)
  region size 4096K, 13 young (53248K), 2 survivors (8192K)
 Metaspace       used 5127K, committed 5312K, reserved 1114112K
  class space    used 674K, committed 768K, reserved 1048576K
}
Event: 2.464 GC heap after
{Heap after GC invocations=3 (full 0):
 garbage-first heap   total 262144K, used 16931K [0x0000000600000000, 0x0000000800000000)
  region size 4096K, 2 young (8192K), 2 survivors (8192K)
 Metaspace       used 5127K, committed 5312K, reserved 1114112K
  class space    used 674K, committed 768K, reserved 1048576K
}
Event: 7.146 GC heap before
{Heap before GC invocations=3 (full 0):
 garbage-first heap   total 262144K, used 127523K [0x0000000600000000, 0x0000000800000000)
  region size 4096K, 30 young (122880K), 2 survivors (8192K)
 Metaspace       used 21189K, committed 21504K, reserved 1114112K
  class space    used 3090K, committed 3264K, reserved 1048576K
}
Event: 7.158 GC heap after
{Heap after GC invocations=4 (full 0):
 garbage-first heap   total 262144K, used 23801K [0x0000000600000000, 0x0000000800000000)
  region size 4096K, 3 young (12288K), 3 survivors (12288K)
 Metaspace       used 21189K, committed 21504K, reserved 1114112K
  class space    used 3090K, committed 3264K, reserved 1048576K
}
Event: 8.288 GC heap before
{Heap before GC invocations=5 (full 0):
 garbage-first heap   total 98304K, used 68857K [0x0000000600000000, 0x0000000800000000)
  region size 4096K, 14 young (57344K), 3 survivors (12288K)
 Metaspace       used 26420K, committed 26816K, reserved 1114112K
  class space    used 3857K, committed 4096K, reserved 1048576K
}
Event: 8.297 GC heap after
{Heap after GC invocations=6 (full 0):
 garbage-first heap   total 98304K, used 28049K [0x0000000600000000, 0x0000000800000000)
  region size 4096K, 1 young (4096K), 1 survivors (4096K)
 Metaspace       used 26420K, committed 26816K, reserved 1114112K
  class space    used 3857K, committed 4096K, reserved 1048576K
}
Event: 8.377 GC heap before
{Heap before GC invocations=6 (full 0):
 garbage-first heap   total 98304K, used 32145K [0x0000000600000000, 0x0000000800000000)
  region size 4096K, 2 young (8192K), 1 survivors (4096K)
 Metaspace       used 26738K, committed 27200K, reserved 1114112K
  class space    used 3910K, committed 4160K, reserved 1048576K
}
Event: 8.385 GC heap after
{Heap after GC invocations=7 (full 0):
 garbage-first heap   total 98304K, used 28318K [0x0000000600000000, 0x0000000800000000)
  region size 4096K, 1 young (4096K), 1 survivors (4096K)
 Metaspace       used 26738K, committed 27200K, reserved 1114112K
  class space    used 3910K, committed 4160K, reserved 1048576K
}
Event: 9.501 GC heap before
{Heap before GC invocations=7 (full 0):
 garbage-first heap   total 98304K, used 65182K [0x0000000600000000, 0x0000000800000000)
  region size 4096K, 10 young (40960K), 1 survivors (4096K)
 Metaspace       used 31373K, committed 31808K, reserved 1114112K
  class space    used 4631K, committed 4864K, reserved 1048576K
}
Event: 9.505 GC heap after
{Heap after GC invocations=8 (full 0):
 garbage-first heap   total 98304K, used 29928K [0x0000000600000000, 0x0000000800000000)
  region size 4096K, 1 young (4096K), 1 survivors (4096K)
 Metaspace       used 31373K, committed 31808K, reserved 1114112K
  class space    used 4631K, committed 4864K, reserved 1048576K
}
Event: 9.972 GC heap before
{Heap before GC invocations=8 (full 0):
 garbage-first heap   total 98304K, used 46312K [0x0000000600000000, 0x0000000800000000)
  region size 4096K, 6 young (24576K), 1 survivors (4096K)
 Metaspace       used 35495K, committed 35968K, reserved 1114112K
  class space    used 5041K, committed 5312K, reserved 1048576K
}
Event: 9.976 GC heap after
{Heap after GC invocations=9 (full 0):
 garbage-first heap   total 98304K, used 31871K [0x0000000600000000, 0x0000000800000000)
  region size 4096K, 1 young (4096K), 1 survivors (4096K)
 Metaspace       used 35495K, committed 35968K, reserved 1114112K
  class space    used 5041K, committed 5312K, reserved 1048576K
}
Event: 10.630 GC heap before
{Heap before GC invocations=10 (full 0):
 garbage-first heap   total 98304K, used 64639K [0x0000000600000000, 0x0000000800000000)
  region size 4096K, 10 young (40960K), 1 survivors (4096K)
 Metaspace       used 37557K, committed 38016K, reserved 1114112K
  class space    used 5207K, committed 5440K, reserved 1048576K
}
Event: 10.637 GC heap after
{Heap after GC invocations=11 (full 0):
 garbage-first heap   total 98304K, used 36456K [0x0000000600000000, 0x0000000800000000)
  region size 4096K, 2 young (8192K), 2 survivors (8192K)
 Metaspace       used 37557K, committed 38016K, reserved 1114112K
  class space    used 5207K, committed 5440K, reserved 1048576K
}
Event: 11.036 GC heap before
{Heap before GC invocations=11 (full 0):
 garbage-first heap   total 98304K, used 69224K [0x0000000600000000, 0x0000000800000000)
  region size 4096K, 10 young (40960K), 2 survivors (8192K)
 Metaspace       used 38932K, committed 39424K, reserved 1114112K
  class space    used 5394K, committed 5632K, reserved 1048576K
}
Event: 11.043 GC heap after
{Heap after GC invocations=12 (full 0):
 garbage-first heap   total 98304K, used 37433K [0x0000000600000000, 0x0000000800000000)
  region size 4096K, 2 young (8192K), 2 survivors (8192K)
 Metaspace       used 38932K, committed 39424K, reserved 1114112K
  class space    used 5394K, committed 5632K, reserved 1048576K
}
Event: 11.755 GC heap before
{Heap before GC invocations=12 (full 0):
 garbage-first heap   total 98304K, used 70201K [0x0000000600000000, 0x0000000800000000)
  region size 4096K, 10 young (40960K), 2 survivors (8192K)
 Metaspace       used 42021K, committed 42624K, reserved 1114112K
  class space    used 5867K, committed 6144K, reserved 1048576K
}

