# JRE version: OpenJDK Runtime Environment Temurin-21.0.12.1+1 (21.0.12.1+1) (build 21.0.12.1+1-LTS)
# Java VM: OpenJDK 64-Bit Server VM Temurin-21.0.12.1+1 (21.0.12.1+1-LTS, mixed mode, sharing, tiered, compressed oops, compressed class ptrs, parallel gc, windows-amd64)
GC Precious Log:
 CardTable entry size: 512
 CPUs: 8 total, 8 available
 Memory: 16264M
 Large Page Support: Disabled
 NUMA Support: Disabled
 Compressed Oops: Enabled (32-bit)
 Alignments: Space 512K, Generation 512K, Heap 2M
 Heap Min Capacity: 100M
 Heap Initial Capacity: 100M
 Heap Max Capacity: 2G
 Pre-touch: Disabled
 Parallel Workers: 8
Heap:
 PSYoungGen      total 13312K, used 8679K [0x00000000d5580000, 0x00000000d6480000, 0x0000000100000000)
  eden space 12800K, 65% used [0x00000000d5580000,0x00000000d5db9d18,0x00000000d6200000)
  from space 512K, 50% used [0x00000000d6200000,0x00000000d6240000,0x00000000d6280000)
  to   space 512K, 0% used [0x00000000d6400000,0x00000000d6400000,0x00000000d6480000)
 ParOldGen       total 68608K, used 48717K [0x0000000080000000, 0x0000000084300000, 0x00000000d5580000)
  object space 68608K, 71% used [0x0000000080000000,0x0000000082f935c0,0x0000000084300000)
 Metaspace       used 69174K, committed 70656K, reserved 1114112K
  class space    used 8709K, committed 9408K, reserved 1048576K
GC Heap History (20 events):
Event: 44.657 GC heap before
{Heap before GC invocations=57 (full 3):
 PSYoungGen      total 15872K, used 14731K [0x00000000d5580000, 0x00000000d6680000, 0x0000000100000000)
  eden space 14336K, 100% used [0x00000000d5580000,0x00000000d6380000,0x00000000d6380000)
  from space 1536K, 25% used [0x00000000d6380000,0x00000000d63e2ef0,0x00000000d6500000)
  to   space 1024K, 0% used [0x00000000d6580000,0x00000000d6580000,0x00000000d6680000)
 ParOldGen       total 68608K, used 46470K [0x0000000080000000, 0x0000000084300000, 0x00000000d5580000)
  object space 68608K, 67% used [0x0000000080000000,0x0000000082d61b08,0x0000000084300000)
 Metaspace       used 66689K, committed 68032K, reserved 1114112K
  class space    used 8399K, committed 9024K, reserved 1048576K
}
Event: 44.658 GC heap after
{Heap after GC invocations=57 (full 3):
 PSYoungGen      total 15360K, used 994K [0x00000000d5580000, 0x00000000d6680000, 0x0000000100000000)
  eden space 14336K, 0% used [0x00000000d5580000,0x00000000d5580000,0x00000000d6380000)
  from space 1024K, 97% used [0x00000000d6580000,0x00000000d6678918,0x00000000d6680000)
  to   space 1536K, 0% used [0x00000000d6380000,0x00000000d6380000,0x00000000d6500000)
 ParOldGen       total 68608K, used 46568K [0x0000000080000000, 0x0000000084300000, 0x00000000d5580000)
  object space 68608K, 67% used [0x0000000080000000,0x0000000082d7a370,0x0000000084300000)
 Metaspace       used 66689K, committed 68032K, reserved 1114112K
  class space    used 8399K, committed 9024K, reserved 1048576K
}
Event: 45.284 GC heap before
{Heap before GC invocations=58 (full 3):
 PSYoungGen      total 15360K, used 15330K [0x00000000d5580000, 0x00000000d6680000, 0x0000000100000000)
  eden space 14336K, 100% used [0x00000000d5580000,0x00000000d6380000,0x00000000d6380000)
  from space 1024K, 97% used [0x00000000d6580000,0x00000000d6678918,0x00000000d6680000)
  to   space 1536K, 0% used [0x00000000d6380000,0x00000000d6380000,0x00000000d6500000)
 ParOldGen       total 68608K, used 46568K [0x0000000080000000, 0x0000000084300000, 0x00000000d5580000)
  object space 68608K, 67% used [0x0000000080000000,0x0000000082d7a370,0x0000000084300000)
 Metaspace       used 67408K, committed 68800K, reserved 1114112K
  class space    used 8510K, committed 9152K, reserved 1048576K
}
Event: 45.286 GC heap after
{Heap after GC invocations=58 (full 3):
 PSYoungGen      total 15872K, used 448K [0x00000000d5580000, 0x00000000d6600000, 0x0000000100000000)
  eden space 14336K, 0% used [0x00000000d5580000,0x00000000d5580000,0x00000000d6380000)
  from space 1536K, 29% used [0x00000000d6380000,0x00000000d63f0010,0x00000000d6500000)
  to   space 1024K, 0% used [0x00000000d6500000,0x00000000d6500000,0x00000000d6600000)
 ParOldGen       total 68608K, used 46600K [0x0000000080000000, 0x0000000084300000, 0x00000000d5580000)
  object space 68608K, 67% used [0x0000000080000000,0x0000000082d82370,0x0000000084300000)
 Metaspace       used 67408K, committed 68800K, reserved 1114112K
  class space    used 8510K, committed 9152K, reserved 1048576K
}
Event: 57.714 GC heap before
{Heap before GC invocations=59 (full 3):
 PSYoungGen      total 15872K, used 14784K [0x00000000d5580000, 0x00000000d6600000, 0x0000000100000000)
  eden space 14336K, 100% used [0x00000000d5580000,0x00000000d6380000,0x00000000d6380000)
  from space 1536K, 29% used [0x00000000d6380000,0x00000000d63f0010,0x00000000d6500000)
  to   space 1024K, 0% used [0x00000000d6500000,0x00000000d6500000,0x00000000d6600000)
 ParOldGen       total 68608K, used 46600K [0x0000000080000000, 0x0000000084300000, 0x00000000d5580000)
  object space 68608K, 67% used [0x0000000080000000,0x0000000082d82370,0x0000000084300000)
 Metaspace       used 68353K, committed 69760K, reserved 1114112K
  class space    used 8632K, committed 9344K, reserved 1048576K
}
Event: 57.717 GC heap after
{Heap after GC invocations=59 (full 3):
 PSYoungGen      total 13824K, used 1011K [0x00000000d5580000, 0x00000000d6980000, 0x0000000100000000)
  eden space 12800K, 0% used [0x00000000d5580000,0x00000000d5580000,0x00000000d6200000)
  from space 1024K, 98% used [0x00000000d6500000,0x00000000d65fcca0,0x00000000d6600000)
  to   space 3072K, 0% used [0x00000000d6200000,0x00000000d6200000,0x00000000d6500000)
 ParOldGen       total 68608K, used 48016K [0x0000000080000000, 0x0000000084300000, 0x00000000d5580000)
  object space 68608K, 69% used [0x0000000080000000,0x0000000082ee4390,0x0000000084300000)
 Metaspace       used 68353K, committed 69760K, reserved 1114112K
  class space    used 8632K, committed 9344K, reserved 1048576K
}
Event: 69.442 GC heap before
{Heap before GC invocations=60 (full 3):
 PSYoungGen      total 13824K, used 13811K [0x00000000d5580000, 0x00000000d6980000, 0x0000000100000000)
  eden space 12800K, 100% used [0x00000000d5580000,0x00000000d6200000,0x00000000d6200000)
  from space 1024K, 98% used [0x00000000d6500000,0x00000000d65fcca0,0x00000000d6600000)
  to   space 3072K, 0% used [0x00000000d6200000,0x00000000d6200000,0x00000000d6500000)
 ParOldGen       total 68608K, used 48016K [0x0000000080000000, 0x0000000084300000, 0x00000000d5580000)
  object space 68608K, 69% used [0x0000000080000000,0x0000000082ee4390,0x0000000084300000)
 Metaspace       used 68623K, committed 70080K, reserved 1114112K
  class space    used 8642K, committed 9344K, reserved 1048576K
}
Event: 69.445 GC heap after
{Heap after GC invocations=60 (full 3):
 PSYoungGen      total 13312K, used 304K [0x00000000d5580000, 0x00000000d6580000, 0x0000000100000000)
  eden space 12800K, 0% used [0x00000000d5580000,0x00000000d5580000,0x00000000d6200000)
  from space 512K, 59% used [0x00000000d6200000,0x00000000d624c010,0x00000000d6280000)
  to   space 1536K, 0% used [0x00000000d6400000,0x00000000d6400000,0x00000000d6580000)
 ParOldGen       total 68608K, used 48345K [0x0000000080000000, 0x0000000084300000, 0x00000000d5580000)
  object space 68608K, 70% used [0x0000000080000000,0x0000000082f36590,0x0000000084300000)
 Metaspace       used 68623K, committed 70080K, reserved 1114112K
  class space    used 8642K, committed 9344K, reserved 1048576K
}
Event: 74.471 GC heap before
{Heap before GC invocations=61 (full 3):
 PSYoungGen      total 13312K, used 13104K [0x00000000d5580000, 0x00000000d6580000, 0x0000000100000000)
  eden space 12800K, 100% used [0x00000000d5580000,0x00000000d6200000,0x00000000d6200000)
  from space 512K, 59% used [0x00000000d6200000,0x00000000d624c010,0x00000000d6280000)
  to   space 1536K, 0% used [0x00000000d6400000,0x00000000d6400000,0x00000000d6580000)
 ParOldGen       total 68608K, used 48345K [0x0000000080000000, 0x0000000084300000, 0x00000000d5580000)
  object space 68608K, 70% used [0x0000000080000000,0x0000000082f36590,0x0000000084300000)
 Metaspace       used 68645K, committed 70080K, reserved 1114112K
  class space    used 8646K, committed 9344K, reserved 1048576K
}
Event: 74.473 GC heap after
{Heap after GC invocations=61 (full 3):
 PSYoungGen      total 13312K, used 224K [0x00000000d5580000, 0x00000000d6480000, 0x0000000100000000)
  eden space 12800K, 0% used [0x00000000d5580000,0x00000000d5580000,0x00000000d6200000)
  from space 512K, 43% used [0x00000000d6400000,0x00000000d6438000,0x00000000d6480000)
  to   space 512K, 0% used [0x00000000d6200000,0x00000000d6200000,0x00000000d6280000)
 ParOldGen       total 68608K, used 48485K [0x0000000080000000, 0x0000000084300000, 0x00000000d5580000)
  object space 68608K, 70% used [0x0000000080000000,0x0000000082f595c0,0x0000000084300000)
 Metaspace       used 68645K, committed 70080K, reserved 1114112K
  class space    used 8646K, committed 9344K, reserved 1048576K
}
Event: 76.575 GC heap before
{Heap before GC invocations=62 (full 3):
 PSYoungGen      total 13312K, used 13024K [0x00000000d5580000, 0x00000000d6480000, 0x0000000100000000)
  eden space 12800K, 100% used [0x00000000d5580000,0x00000000d6200000,0x00000000d6200000)
  from space 512K, 43% used [0x00000000d6400000,0x00000000d6438000,0x00000000d6480000)
  to   space 512K, 0% used [0x00000000d6200000,0x00000000d6200000,0x00000000d6280000)
 ParOldGen       total 68608K, used 48485K [0x0000000080000000, 0x0000000084300000, 0x00000000d5580000)
  object space 68608K, 70% used [0x0000000080000000,0x0000000082f595c0,0x0000000084300000)
 Metaspace       used 68751K, committed 70208K, reserved 1114112K
  class space    used 8662K, committed 9344K, reserved 1048576K
}
Event: 76.576 GC heap after
{Heap after GC invocations=62 (full 3):
 PSYoungGen      total 13312K, used 256K [0x00000000d5580000, 0x00000000d6480000, 0x0000000100000000)
  eden space 12800K, 0% used [0x00000000d5580000,0x00000000d5580000,0x00000000d6200000)
  from space 512K, 50% used [0x00000000d6200000,0x00000000d6240000,0x00000000d6280000)
  to   space 512K, 0% used [0x00000000d6400000,0x00000000d6400000,0x00000000d6480000)
 ParOldGen       total 68608K, used 48541K [0x0000000080000000, 0x0000000084300000, 0x00000000d5580000)
  object space 68608K, 70% used [0x0000000080000000,0x0000000082f675c0,0x0000000084300000)
 Metaspace       used 68751K, committed 70208K, reserved 1114112K
  class space    used 8662K, committed 9344K, reserved 1048576K
}
Event: 76.915 GC heap before
{Heap before GC invocations=63 (full 3):
 PSYoungGen      total 13312K, used 13056K [0x00000000d5580000, 0x00000000d6480000, 0x0000000100000000)
  eden space 12800K, 100% used [0x00000000d5580000,0x00000000d6200000,0x00000000d6200000)
  from space 512K, 50% used [0x00000000d6200000,0x00000000d6240000,0x00000000d6280000)
  to   space 512K, 0% used [0x00000000d6400000,0x00000000d6400000,0x00000000d6480000)
 ParOldGen       total 68608K, used 48541K [0x0000000080000000, 0x0000000084300000, 0x00000000d5580000)
  object space 68608K, 70% used [0x0000000080000000,0x0000000082f675c0,0x0000000084300000)
 Metaspace       used 68751K, committed 70208K, reserved 1114112K
  class space    used 8662K, committed 9344K, reserved 1048576K
}
Event: 76.915 GC heap after
{Heap after GC invocations=63 (full 3):
 PSYoungGen      total 13312K, used 128K [0x00000000d5580000, 0x00000000d6480000, 0x0000000100000000)
  eden space 12800K, 0% used [0x00000000d5580000,0x00000000d5580000,0x00000000d6200000)
  from space 512K, 25% used [0x00000000d6400000,0x00000000d6420000,0x00000000d6480000)
  to   space 512K, 0% used [0x00000000d6200000,0x00000000d6200000,0x00000000d6280000)
 ParOldGen       total 68608K, used 48661K [0x0000000080000000, 0x0000000084300000, 0x00000000d5580000)
  object space 68608K, 70% used [0x0000000080000000,0x0000000082f855c0,0x0000000084300000)
 Metaspace       used 68751K, committed 70208K, reserved 1114112K
  class space    used 8662K, committed 9344K, reserved 1048576K
}
Event: 77.290 GC heap before
{Heap before GC invocations=64 (full 3):
 PSYoungGen      total 13312K, used 12928K [0x00000000d5580000, 0x00000000d6480000, 0x0000000100000000)
  eden space 12800K, 100% used [0x00000000d5580000,0x00000000d6200000,0x00000000d6200000)
  from space 512K, 25% used [0x00000000d6400000,0x00000000d6420000,0x00000000d6480000)
  to   space 512K, 0% used [0x00000000d6200000,0x00000000d6200000,0x00000000d6280000)
 ParOldGen       total 68608K, used 48661K [0x0000000080000000, 0x0000000084300000, 0x00000000d5580000)
  object space 68608K, 70% used [0x0000000080000000,0x0000000082f855c0,0x0000000084300000)
 Metaspace       used 68751K, committed 70208K, reserved 1114112K
  class space    used 8662K, committed 9344K, reserved 1048576K
}
Event: 77.292 GC heap after
{Heap after GC invocations=64 (full 3):
 PSYoungGen      total 13312K, used 192K [0x00000000d5580000, 0x00000000d6480000, 0x0000000100000000)
  eden space 12800K, 0% used [0x00000000d5580000,0x00000000d5580000,0x00000000d6200000)
  from space 512K, 37% used [0x00000000d6200000,0x00000000d6230000,0x00000000d6280000)
  to   space 512K, 0% used [0x00000000d6400000,0x00000000d6400000,0x00000000d6480000)
 ParOldGen       total 68608K, used 48669K [0x0000000080000000, 0x0000000084300000, 0x00000000d5580000)
  object space 68608K, 70% used [0x0000000080000000,0x0000000082f875c0,0x0000000084300000)
 Metaspace       used 68751K, committed 70208K, reserved 1114112K
  class space    used 8662K, committed 9344K, reserved 1048576K
}
Event: 77.770 GC heap before
{Heap before GC invocations=65 (full 3):
 PSYoungGen      total 13312K, used 12992K [0x00000000d5580000, 0x00000000d6480000, 0x0000000100000000)
  eden space 12800K, 100% used [0x00000000d5580000,0x00000000d6200000,0x00000000d6200000)
  from space 512K, 37% used [0x00000000d6200000,0x00000000d6230000,0x00000000d6280000)
  to   space 512K, 0% used [0x00000000d6400000,0x00000000d6400000,0x00000000d6480000)
 ParOldGen       total 68608K, used 48669K [0x0000000080000000, 0x0000000084300000, 0x00000000d5580000)
  object space 68608K, 70% used [0x0000000080000000,0x0000000082f875c0,0x0000000084300000)
 Metaspace       used 68751K, committed 70208K, reserved 1114112K
  class space    used 8662K, committed 9344K, reserved 1048576K
}
Event: 77.770 GC heap after
{Heap after GC invocations=65 (full 3):
 PSYoungGen      total 13312K, used 160K [0x00000000d5580000, 0x00000000d6480000, 0x0000000100000000)
  eden space 12800K, 0% used [0x00000000d5580000,0x00000000d5580000,0x00000000d6200000)
  from space 512K, 31% used [0x00000000d6400000,0x00000000d6428000,0x00000000d6480000)
  to   space 512K, 0% used [0x00000000d6200000,0x00000000d6200000,0x00000000d6280000)
 ParOldGen       total 68608K, used 48709K [0x0000000080000000, 0x0000000084300000, 0x00000000d5580000)
  object space 68608K, 70% used [0x0000000080000000,0x0000000082f915c0,0x0000000084300000)
 Metaspace       used 68751K, committed 70208K, reserved 1114112K
  class space    used 8662K, committed 9344K, reserved 1048576K
}
Event: 79.588 GC heap before
{Heap before GC invocations=66 (full 3):
 PSYoungGen      total 13312K, used 12960K [0x00000000d5580000, 0x00000000d6480000, 0x0000000100000000)
  eden space 12800K, 100% used [0x00000000d5580000,0x00000000d6200000,0x00000000d6200000)
  from space 512K, 31% used [0x00000000d6400000,0x00000000d6428000,0x00000000d6480000)
  to   space 512K, 0% used [0x00000000d6200000,0x00000000d6200000,0x00000000d6280000)
 ParOldGen       total 68608K, used 48709K [0x0000000080000000, 0x0000000084300000, 0x00000000d5580000)
  object space 68608K, 70% used [0x0000000080000000,0x0000000082f915c0,0x0000000084300000)
 Metaspace       used 68814K, committed 70208K, reserved 1114112K
  class space    used 8669K, committed 9344K, reserved 1048576K
}
Event: 79.589 GC heap after
{Heap after GC invocations=66 (full 3):
 PSYoungGen      total 13312K, used 256K [0x00000000d5580000, 0x00000000d6480000, 0x0000000100000000)
  eden space 12800K, 0% used [0x00000000d5580000,0x00000000d5580000,0x00000000d6200000)
  from space 512K, 50% used [0x00000000d6200000,0x00000000d6240000,0x00000000d6280000)
  to   space 512K, 0% used [0x00000000d6400000,0x00000000d6400000,0x00000000d6480000)
 ParOldGen       total 68608K, used 48717K [0x0000000080000000, 0x0000000084300000, 0x00000000d5580000)
  object space 68608K, 71% used [0x0000000080000000,0x0000000082f935c0,0x0000000084300000)
 Metaspace       used 68814K, committed 70208K, reserved 1114112K
  class space    used 8669K, committed 9344K, reserved 1048576K
}

